{"/home/cil/Dokumente/WebLab/HTML_CSS_JS/JavaScript_DataStructures/Linked_List/LinkedList.js": {"path":"/home/cil/Dokumente/WebLab/HTML_CSS_JS/JavaScript_DataStructures/Linked_List/LinkedList.js","statementMap":{"0":{"start":{"line":4,"column":8},"end":{"line":4,"column":24}},"1":{"start":{"line":5,"column":8},"end":{"line":5,"column":23}},"2":{"start":{"line":9,"column":24},"end":{"line":9,"column":59}},"3":{"start":{"line":10,"column":8},"end":{"line":10,"column":27}},"4":{"start":{"line":11,"column":8},"end":{"line":11,"column":21}},"5":{"start":{"line":15,"column":8},"end":{"line":15,"column":57}},"6":{"start":{"line":15,"column":46},"end":{"line":15,"column":57}},"7":{"start":{"line":17,"column":22},"end":{"line":17,"column":31}},"8":{"start":{"line":19,"column":8},"end":{"line":21,"column":9}},"9":{"start":{"line":19,"column":18},"end":{"line":19,"column":19}},"10":{"start":{"line":20,"column":12},"end":{"line":20,"column":34}},"11":{"start":{"line":23,"column":8},"end":{"line":23,"column":22}},"12":{"start":{"line":29,"column":8},"end":{"line":29,"column":26}},"13":{"start":{"line":30,"column":8},"end":{"line":30,"column":24}},"14":{"start":{"line":35,"column":0},"end":{"line":44,"column":1}},"15":{"start":{"line":37,"column":15},"end":{"line":37,"column":31}},"16":{"start":{"line":39,"column":4},"end":{"line":41,"column":5}},"17":{"start":{"line":39,"column":14},"end":{"line":39,"column":31}},"18":{"start":{"line":40,"column":8},"end":{"line":40,"column":34}},"19":{"start":{"line":43,"column":4},"end":{"line":43,"column":13}},"20":{"start":{"line":47,"column":0},"end":{"line":47,"column":27}}},"fnMap":{"0":{"name":"(anonymous_0)","decl":{"start":{"line":3,"column":4},"end":{"line":3,"column":5}},"loc":{"start":{"line":3,"column":18},"end":{"line":6,"column":5}},"line":3},"1":{"name":"(anonymous_1)","decl":{"start":{"line":8,"column":4},"end":{"line":8,"column":5}},"loc":{"start":{"line":8,"column":23},"end":{"line":12,"column":5}},"line":8},"2":{"name":"(anonymous_2)","decl":{"start":{"line":14,"column":4},"end":{"line":14,"column":5}},"loc":{"start":{"line":14,"column":22},"end":{"line":24,"column":5}},"line":14},"3":{"name":"(anonymous_3)","decl":{"start":{"line":28,"column":4},"end":{"line":28,"column":5}},"loc":{"start":{"line":28,"column":29},"end":{"line":31,"column":5}},"line":28},"4":{"name":"(anonymous_4)","decl":{"start":{"line":35,"column":24},"end":{"line":35,"column":25}},"loc":{"start":{"line":35,"column":39},"end":{"line":44,"column":1}},"line":35}},"branchMap":{"0":{"loc":{"start":{"line":15,"column":8},"end":{"line":15,"column":57}},"type":"if","locations":[{"start":{"line":15,"column":8},"end":{"line":15,"column":57}},{"start":{},"end":{}}],"line":15},"1":{"loc":{"start":{"line":15,"column":11},"end":{"line":15,"column":44}},"type":"binary-expr","locations":[{"start":{"line":15,"column":11},"end":{"line":15,"column":20}},{"start":{"line":15,"column":24},"end":{"line":15,"column":44}}],"line":15}},"s":{"0":5,"1":5,"2":12,"3":12,"4":12,"5":4,"6":2,"7":2,"8":2,"9":2,"10":2,"11":2,"12":12,"13":12,"14":1,"15":4,"16":4,"17":4,"18":10,"19":4,"20":1},"f":{"0":5,"1":12,"2":4,"3":12,"4":4},"b":{"0":[2,2],"1":[4,3]},"_coverageSchema":"1a1c01bbd47fc00a2c39e90264f33305004495a9","hash":"a5923b55b9bbcff3814f7e9b6eeae4f2359b2c59"}
}
